c:\projects\sw_assignment1\sw_assignment1\debug\sw_assignment1.pch
c:\projects\sw_assignment1\sw_assignment1\debug\vc140.pdb
c:\projects\sw_assignment1\sw_assignment1\debug\vc140.idb
c:\projects\sw_assignment1\sw_assignment1\debug\stdafx.obj
c:\projects\sw_assignment1\sw_assignment1\debug\sw_assignment1.obj
c:\projects\sw_assignment1\sw_assignment1\debug\sw_assignment1dlg.obj
c:\projects\sw_assignment1\debug\sw_assignment1.ilk
c:\projects\sw_assignment1\debug\sw_assignment1.exe
c:\projects\sw_assignment1\debug\sw_assignment1.pdb
c:\projects\sw_assignment1\sw_assignment1\debug\sw_assignment1.res
c:\projects\sw_assignment1\sw_assignment1\debug\sw_assignment1dlg.obj.enc
c:\projects\sw_assignment1\sw_assignment1\debug\sw_assignment1.tlog\cl.command.1.tlog
c:\projects\sw_assignment1\sw_assignment1\debug\sw_assignment1.tlog\cl.read.1.tlog
c:\projects\sw_assignment1\sw_assignment1\debug\sw_assignment1.tlog\cl.write.1.tlog
c:\projects\sw_assignment1\sw_assignment1\debug\sw_assignment1.tlog\link.command.1.tlog
c:\projects\sw_assignment1\sw_assignment1\debug\sw_assignment1.tlog\link.read.1.tlog
c:\projects\sw_assignment1\sw_assignment1\debug\sw_assignment1.tlog\link.write.1.tlog
c:\projects\sw_assignment1\sw_assignment1\debug\sw_assignment1.tlog\rc.command.1.tlog
c:\projects\sw_assignment1\sw_assignment1\debug\sw_assignment1.tlog\rc.read.1.tlog
c:\projects\sw_assignment1\sw_assignment1\debug\sw_assignment1.tlog\rc.write.1.tlog
